0 | Sum:
0 | total 0
0 | -rw-rw-rw- 1 root root 0 Apr 27 21:20 sum
0 | square:
0 | total 0
0 | -rw-rw-rw- 1 root root 26 Apr 27 21:20 numbers0
0 | -rw-rw-rw- 1 root root 40 Apr 27 21:20 numbers1
0 | -rw-rw-rw- 1 root root  0 Apr 27 21:20 numbers2
0 | -rw-rw-rw- 1 root root 48 Apr 27 21:20 numbers3
0 | -rw-rw-rw- 1 root root  0 Apr 27 21:20 numbers4
0 | -rw-rw-rw- 1 root root  0 Apr 27 21:20 numbers5
0 | -rw-rw-rw- 1 root root  0 Apr 27 21:20 numbers6
0 | -rw-rw-rw- 1 root root 50 Apr 27 21:20 numbers7
0 | -rw-rw-rw- 1 root root  0 Apr 27 21:20 numbers8
0 | -rw-rw-rw- 1 root root 50 Apr 27 21:20 numbers9
0 | /pfs/square /pfs/out
0 | Found 1 files to scale by
0 | scale files [['/pfs/sum/sum', 'sum']]
0 | input files [['/pfs/square/numbers0', 'numbers0'], ['/pfs/square/numbers1', 'numbers1'], ['/pfs/square/numbers2', 'numbers2'], ['/pfs/square/numbers9', 'numbers9'], ['/pfs/square/numbers3', 'numbers3'], ['/pfs/square/numbers8', 'numbers8'], ['/pfs/square/numbers6', 'numbers6'], ['/pfs/square/numbers4', 'numbers4'], ['/pfs/square/numbers7', 'numbers7'], ['/pfs/square/numbers5', 'numbers5']]
0 | Traceback (most recent call last):
0 |   File "scale.py", line 44, in <module>
0 |     scale_factor = int(f.readline())
0 | ValueError: invalid literal for int() with base 10: ''
0 | sh: exit status 1
0 | Traceback (most recent call last):
0 |   File "scale.py", line 44, in <module>
0 |     scale_factor = int(f.readline())
0 | ValueError: invalid literal for int() with base 10: ''
0 | 
1 | Sum:
1 | total 0
1 | -rw-rw-rw- 1 root root 6 Apr 27 21:20 sum
1 | square:
1 | total 0
1 | -rw-rw-rw- 1 root root  0 Apr 27 21:20 numbers0
1 | -rw-rw-rw- 1 root root  0 Apr 27 21:20 numbers1
1 | -rw-rw-rw- 1 root root  0 Apr 27 21:20 numbers2
1 | -rw-rw-rw- 1 root root  0 Apr 27 21:20 numbers3
1 | -rw-rw-rw- 1 root root 50 Apr 27 21:20 numbers4
1 | -rw-rw-rw- 1 root root 50 Apr 27 21:20 numbers5
1 | -rw-rw-rw- 1 root root  0 Apr 27 21:20 numbers6
1 | -rw-rw-rw- 1 root root  0 Apr 27 21:20 numbers7
1 | -rw-rw-rw- 1 root root 50 Apr 27 21:20 numbers8
1 | -rw-rw-rw- 1 root root  0 Apr 27 21:20 numbers9
1 | 2016-04-27T21:20:43Z NONE  WriteRequest: 525360000
1 | 551956350
1 | 579209400
1 | 607119150
1 | 635685600
1 | 664908750
1 | 694788600
1 | 725325150
1 | 756518400
1 | 788368350
1 | @0
1 | 2016-04-27T21:20:43Z NONE  WriteRequest: 2101440000
1 | 2154304350
1 | 2207825400
1 | 2262003150
1 | 2316837600
1 | 2372328750
1 | 2428476600
1 | 2485281150
1 | 2542742400
1 | 2600860350
1 | @0
1 | 2016-04-27T21:20:43Z NONE  WriteRequest: 820875000
1 | 854038350
1 | 887858400
1 | 922335150
1 | 957468600
1 | 993258750
1 | 1029705600
1 | 1066809150
1 | 1104569400
1 | 1142986350
1 | @0
1 | /pfs/square /pfs/out
1 | Found 1 files to scale by
1 | scale files [['/pfs/sum/sum', 'sum']]
1 | input files [['/pfs/square/numbers0', 'numbers0'], ['/pfs/square/numbers4', 'numbers4'], ['/pfs/square/numbers8', 'numbers8'], ['/pfs/square/numbers2', 'numbers2'], ['/pfs/square/numbers9', 'numbers9'], ['/pfs/square/numbers5', 'numbers5'], ['/pfs/square/numbers6', 'numbers6'], ['/pfs/square/numbers3', 'numbers3'], ['/pfs/square/numbers7', 'numbers7'], ['/pfs/square/numbers1', 'numbers1']]
1 | opening ['/pfs/square/numbers0', 'numbers0']
1 | /pfs/out/numbers0
1 | opening ['/pfs/square/numbers4', 'numbers4']
1 | /pfs/out/numbers4
1 | 525360000
1 | 551956350
1 | 579209400
1 | 607119150
1 | 635685600
1 | 664908750
1 | 694788600
1 | 725325150
1 | 756518400
1 | 788368350
1 | opening ['/pfs/square/numbers8', 'numbers8']
1 | /pfs/out/numbers8
1 | 2101440000
1 | 2154304350
1 | 2207825400
1 | 2262003150
1 | 2316837600
1 | 2372328750
1 | 2428476600
1 | 2485281150
1 | 2542742400
1 | 2600860350
1 | opening ['/pfs/square/numbers2', 'numbers2']
1 | /pfs/out/numbers2
1 | opening ['/pfs/square/numbers9', 'numbers9']
1 | /pfs/out/numbers9
1 | opening ['/pfs/square/numbers5', 'numbers5']
1 | /pfs/out/numbers5
1 | 820875000
1 | 854038350
1 | 887858400
1 | 922335150
1 | 957468600
1 | 993258750
1 | 1029705600
1 | 1066809150
1 | 1104569400
1 | 1142986350
1 | opening ['/pfs/square/numbers6', 'numbers6']
1 | /pfs/out/numbers6
1 | opening ['/pfs/square/numbers3', 'numbers3']
1 | /pfs/out/numbers3
1 | opening ['/pfs/square/numbers7', 'numbers7']
1 | /pfs/out/numbers7
1 | opening ['/pfs/square/numbers1', 'numbers1']
1 | /pfs/out/numbers1
2 | Sum:
2 | total 0
2 | -rw-rw-rw- 1 root root 0 Apr 27 21:20 sum
2 | square:
2 | total 0
2 | -rw-rw-rw- 1 root root  0 Apr 27 21:20 numbers0
2 | -rw-rw-rw- 1 root root  0 Apr 27 21:20 numbers1
2 | -rw-rw-rw- 1 root root 40 Apr 27 21:20 numbers2
2 | -rw-rw-rw- 1 root root  0 Apr 27 21:20 numbers3
2 | -rw-rw-rw- 1 root root  0 Apr 27 21:20 numbers4
2 | -rw-rw-rw- 1 root root  0 Apr 27 21:20 numbers5
2 | -rw-rw-rw- 1 root root 50 Apr 27 21:20 numbers6
2 | -rw-rw-rw- 1 root root  0 Apr 27 21:20 numbers7
2 | -rw-rw-rw- 1 root root  0 Apr 27 21:20 numbers8
2 | -rw-rw-rw- 1 root root  0 Apr 27 21:20 numbers9
2 | /pfs/square /pfs/out
2 | Found 1 files to scale by
2 | scale files [['/pfs/sum/sum', 'sum']]
2 | input files [['/pfs/square/numbers5', 'numbers5'], ['/pfs/square/numbers8', 'numbers8'], ['/pfs/square/numbers9', 'numbers9'], ['/pfs/square/numbers4', 'numbers4'], ['/pfs/square/numbers3', 'numbers3'], ['/pfs/square/numbers0', 'numbers0'], ['/pfs/square/numbers7', 'numbers7'], ['/pfs/square/numbers6', 'numbers6'], ['/pfs/square/numbers1', 'numbers1'], ['/pfs/square/numbers2', 'numbers2']]
2 | Traceback (most recent call last):
2 |   File "scale.py", line 44, in <module>
2 |     scale_factor = int(f.readline())
2 | ValueError: invalid literal for int() with base 10: ''
2 | sh: exit status 1
2 | Traceback (most recent call last):
2 |   File "scale.py", line 44, in <module>
2 |     scale_factor = int(f.readline())
2 | ValueError: invalid literal for int() with base 10: ''
2 | 
