0 | 2016-04-27T16:48:20Z NONE  WriteRequest: 820875000
0 | 854038350
0 | 887858400
0 | 922335150
0 | 957468600
0 | 993258750
0 | 1029705600
0 | 1066809150
0 | 1104569400
0 | 1142986350
0 | @0
0 | 2016-04-27T16:48:20Z NONE  WriteRequest: 2101440000
0 | 2154304350
0 | 2207825400
0 | 2262003150
0 | 2316837600
0 | 2372328750
0 | 2428476600
0 | 2485281150
0 | 2542742400
0 | 2600860350
0 | @0
0 | 2016-04-27T16:48:20Z NONE  WriteRequest: 525360000
0 | 551956350
0 | 579209400
0 | 607119150
0 | 635685600
0 | 664908750
0 | 694788600
0 | 725325150
0 | 756518400
0 | 788368350
0 | @0
0 | /pfs/square1 /pfs/out
0 | Found 1 files to scale by
0 | scale files [['/pfs/sum1/sum', 'sum']]
0 | input files [['/pfs/square1/numbers5', 'numbers5'], ['/pfs/square1/numbers8', 'numbers8'], ['/pfs/square1/numbers7', 'numbers7'], ['/pfs/square1/numbers1', 'numbers1'], ['/pfs/square1/numbers2', 'numbers2'], ['/pfs/square1/numbers4', 'numbers4'], ['/pfs/square1/numbers6', 'numbers6'], ['/pfs/square1/numbers0', 'numbers0'], ['/pfs/square1/numbers3', 'numbers3'], ['/pfs/square1/numbers9', 'numbers9']]
0 | opening ['/pfs/square1/numbers5', 'numbers5']
0 | /pfs/out/numbers5
0 | 820875000
0 | 854038350
0 | 887858400
0 | 922335150
0 | 957468600
0 | 993258750
0 | 1029705600
0 | 1066809150
0 | 1104569400
0 | 1142986350
0 | opening ['/pfs/square1/numbers8', 'numbers8']
0 | /pfs/out/numbers8
0 | 2101440000
0 | 2154304350
0 | 2207825400
0 | 2262003150
0 | 2316837600
0 | 2372328750
0 | 2428476600
0 | 2485281150
0 | 2542742400
0 | 2600860350
0 | opening ['/pfs/square1/numbers7', 'numbers7']
0 | /pfs/out/numbers7
0 | opening ['/pfs/square1/numbers1', 'numbers1']
0 | /pfs/out/numbers1
0 | opening ['/pfs/square1/numbers2', 'numbers2']
0 | /pfs/out/numbers2
0 | opening ['/pfs/square1/numbers4', 'numbers4']
0 | /pfs/out/numbers4
0 | 525360000
0 | 551956350
0 | 579209400
0 | 607119150
0 | 635685600
0 | 664908750
0 | 694788600
0 | 725325150
0 | 756518400
0 | 788368350
0 | opening ['/pfs/square1/numbers6', 'numbers6']
0 | /pfs/out/numbers6
0 | opening ['/pfs/square1/numbers0', 'numbers0']
0 | /pfs/out/numbers0
0 | opening ['/pfs/square1/numbers3', 'numbers3']
0 | /pfs/out/numbers3
0 | opening ['/pfs/square1/numbers9', 'numbers9']
0 | /pfs/out/numbers9
1 | Traceback (most recent call last):
1 |   File "scale.py", line 44, in <module>
1 |     scale_factor = int(f.readline())
1 | /pfs/square1 /pfs/out
1 | Found 1 files to scale by
1 | scale files [['/pfs/sum1/sum', 'sum']]
1 | input files [['/pfs/square1/numbers6', 'numbers6'], ['/pfs/square1/numbers5', 'numbers5'], ['/pfs/square1/numbers3', 'numbers3'], ['/pfs/square1/numbers9', 'numbers9'], ['/pfs/square1/numbers7', 'numbers7'], ['/pfs/square1/numbers1', 'numbers1'], ['/pfs/square1/numbers4', 'numbers4'], ['/pfs/square1/numbers8', 'numbers8'], ['/pfs/square1/numbers2', 'numbers2'], ['/pfs/square1/numbers0', 'numbers0']]
1 | ValueError: invalid literal for int() with base 10: ''
1 | sh: exit status 1
1 | Traceback (most recent call last):
1 |   File "scale.py", line 44, in <module>
1 |     scale_factor = int(f.readline())
1 | ValueError: invalid literal for int() with base 10: ''
1 | 
2 | Traceback (most recent call last):
2 | /pfs/square1 /pfs/out
2 | Found 1 files to scale by
2 | scale files [['/pfs/sum1/sum', 'sum']]
2 | input files [['/pfs/square1/numbers6', 'numbers6'], ['/pfs/square1/numbers1', 'numbers1'], ['/pfs/square1/numbers2', 'numbers2'], ['/pfs/square1/numbers8', 'numbers8'], ['/pfs/square1/numbers7', 'numbers7'], ['/pfs/square1/numbers9', 'numbers9'], ['/pfs/square1/numbers3', 'numbers3'], ['/pfs/square1/numbers0', 'numbers0'], ['/pfs/square1/numbers4', 'numbers4'], ['/pfs/square1/numbers5', 'numbers5']]
2 |   File "scale.py", line 44, in <module>
2 |     scale_factor = int(f.readline())
2 | ValueError: invalid literal for int() with base 10: ''
2 | sh: exit status 1
2 | Traceback (most recent call last):
2 |   File "scale.py", line 44, in <module>
2 |     scale_factor = int(f.readline())
2 | ValueError: invalid literal for int() with base 10: ''
2 | 
