0 | total 0
0 | -rw-rw-rw- 1 root root 20 Apr 26 20:32 numbers0.txt
0 | -rw-rw-rw- 1 root root 30 Apr 26 20:32 numbers1.txt
0 | -rw-rw-rw- 1 root root 30 Apr 26 20:32 numbers2.txt
0 | -rw-rw-rw- 1 root root 30 Apr 26 20:32 numbers3.txt
0 | -rw-rw-rw- 1 root root  0 Apr 26 20:32 numbers4.txt
0 | -rw-rw-rw- 1 root root 30 Apr 26 20:32 numbers5.txt
0 | -rw-rw-rw- 1 root root  0 Apr 26 20:32 numbers6.txt
0 | -rw-rw-rw- 1 root root  0 Apr 26 20:32 numbers7.txt
0 | -rw-rw-rw- 1 root root  0 Apr 26 20:32 numbers8.txt
0 | -rw-rw-rw- 1 root root  0 Apr 26 20:32 numbers9.txt
0 | 2016-04-26T21:29:47Z NONE  WriteRequest: 400
0 | 441
0 | 484
0 | 529
0 | 576
0 | 625
0 | 676
0 | 729
0 | 784
0 | 841
0 | @0
0 | 2016-04-26T21:29:47Z NONE  WriteRequest: 0
0 | 1
0 | 4
0 | 9
0 | 16
0 | 25
0 | 36
0 | 49
0 | 64
0 | 81
0 | @0
0 | 2016-04-26T21:29:47Z NONE  WriteRequest: 100
0 | 121
0 | 144
0 | 169
0 | 196
0 | 225
0 | 256
0 | 289
0 | 324
0 | 361
0 | @0
0 | 2016-04-26T21:29:47Z NONE  WriteRequest: 900
0 | 961
0 | 1024
0 | 1089
0 | 1156
0 | 1225
0 | 1296
0 | 1369
0 | 1444
0 | 1521
0 | @0
0 | 2016-04-26T21:29:47Z NONE  WriteRequest: 2500
0 | 2601
0 | 2704
0 | 2809
0 | 2916
0 | 3025
0 | 3136
0 | 3249
0 | 3364
0 | 3481
0 | @0
0 | starting
0 | /pfs/data /pfs/out
0 | walking file system
0 | [('/pfs/data', [], ['numbers4.txt', 'numbers2.txt', 'numbers3.txt', 'numbers8.txt', 'numbers6.txt', 'numbers1.txt', 'numbers0.txt', 'numbers5.txt', 'numbers9.txt', 'numbers7.txt'])]
0 | List of files to process: [['/pfs/data/numbers6.txt', 'numbers6.txt'], ['/pfs/data/numbers2.txt', 'numbers2.txt'], ['/pfs/data/numbers9.txt', 'numbers9.txt'], ['/pfs/data/numbers8.txt', 'numbers8.txt'], ['/pfs/data/numbers0.txt', 'numbers0.txt'], ['/pfs/data/numbers1.txt', 'numbers1.txt'], ['/pfs/data/numbers3.txt', 'numbers3.txt'], ['/pfs/data/numbers4.txt', 'numbers4.txt'], ['/pfs/data/numbers7.txt', 'numbers7.txt'], ['/pfs/data/numbers5.txt', 'numbers5.txt']]
0 | Total 10 files
0 | 0
0 | 
0 | Finished
1 | total 0
1 | -rw-rw-rw- 1 root root  0 Apr 26 20:32 numbers0.txt
1 | -rw-rw-rw- 1 root root  0 Apr 26 20:32 numbers1.txt
1 | -rw-rw-rw- 1 root root  0 Apr 26 20:32 numbers2.txt
1 | -rw-rw-rw- 1 root root  0 Apr 26 20:32 numbers3.txt
1 | -rw-rw-rw- 1 root root 30 Apr 26 20:32 numbers4.txt
1 | -rw-rw-rw- 1 root root  0 Apr 26 20:32 numbers5.txt
1 | -rw-rw-rw- 1 root root  0 Apr 26 20:32 numbers6.txt
1 | -rw-rw-rw- 1 root root  0 Apr 26 20:32 numbers7.txt
1 | -rw-rw-rw- 1 root root 30 Apr 26 20:32 numbers8.txt
1 | -rw-rw-rw- 1 root root  0 Apr 26 20:32 numbers9.txt
1 | 2016-04-26T21:29:50Z NONE  WriteRequest: 1600
1 | 1681
1 | 1764
1 | 1849
1 | 1936
1 | 2025
1 | 2116
1 | 2209
1 | 2304
1 | 2401
1 | @0
1 | 2016-04-26T21:29:50Z NONE  WriteRequest: 6400
1 | 6561
1 | 6724
1 | 6889
1 | 7056
1 | 7225
1 | 7396
1 | 7569
1 | 7744
1 | 7921
1 | @0
1 | starting
1 | /pfs/data /pfs/out
1 | walking file system
1 | [('/pfs/data', [], ['numbers1.txt', 'numbers4.txt', 'numbers6.txt', 'numbers7.txt', 'numbers9.txt', 'numbers2.txt', 'numbers0.txt', 'numbers3.txt', 'numbers8.txt', 'numbers5.txt'])]
1 | List of files to process: [['/pfs/data/numbers4.txt', 'numbers4.txt'], ['/pfs/data/numbers1.txt', 'numbers1.txt'], ['/pfs/data/numbers5.txt', 'numbers5.txt'], ['/pfs/data/numbers9.txt', 'numbers9.txt'], ['/pfs/data/numbers6.txt', 'numbers6.txt'], ['/pfs/data/numbers8.txt', 'numbers8.txt'], ['/pfs/data/numbers7.txt', 'numbers7.txt'], ['/pfs/data/numbers2.txt', 'numbers2.txt'], ['/pfs/data/numbers0.txt', 'numbers0.txt'], ['/pfs/data/numbers3.txt', 'numbers3.txt']]
1 | Total 10 files
1 | Finished
2 | total 0
2 | -rw-rw-rw- 1 root root  0 Apr 26 20:32 numbers0.txt
2 | -rw-rw-rw- 1 root root  0 Apr 26 20:32 numbers1.txt
2 | -rw-rw-rw- 1 root root  0 Apr 26 20:32 numbers2.txt
2 | -rw-rw-rw- 1 root root  0 Apr 26 20:32 numbers3.txt
2 | -rw-rw-rw- 1 root root  0 Apr 26 20:32 numbers4.txt
2 | -rw-rw-rw- 1 root root  0 Apr 26 20:32 numbers5.txt
2 | -rw-rw-rw- 1 root root 30 Apr 26 20:32 numbers6.txt
2 | -rw-rw-rw- 1 root root 30 Apr 26 20:32 numbers7.txt
2 | -rw-rw-rw- 1 root root  0 Apr 26 20:32 numbers8.txt
2 | -rw-rw-rw- 1 root root 30 Apr 26 20:32 numbers9.txt
2 | 2016-04-26T21:29:43Z NONE  WriteRequest: 8100
2 | 8281
2 | 8464
2 | 8649
2 | 8836
2 | 9025
2 | 9216
2 | 9409
2 | 9604
2 | 9801
2 | @0
2 | 2016-04-26T21:29:43Z NONE  WriteRequest: 3600
2 | 3721
2 | 3844
2 | 3969
2 | 4096
2 | 4225
2 | 4356
2 | 4489
2 | 4624
2 | 4761
2 | @0
2 | 2016-04-26T21:29:43Z NONE  WriteRequest: 4900
2 | 5041
2 | 5184
2 | 5329
2 | 5476
2 | 5625
2 | 5776
2 | 5929
2 | 6084
2 | 6241
2 | @0
2 | starting
2 | /pfs/data /pfs/out
2 | walking file system
2 | [('/pfs/data', [], ['numbers6.txt', 'numbers5.txt', 'numbers9.txt', 'numbers0.txt', 'numbers2.txt', 'numbers7.txt', 'numbers8.txt', 'numbers4.txt', 'numbers3.txt', 'numbers1.txt'])]
2 | List of files to process: [['/pfs/data/numbers4.txt', 'numbers4.txt'], ['/pfs/data/numbers0.txt', 'numbers0.txt'], ['/pfs/data/numbers3.txt', 'numbers3.txt'], ['/pfs/data/numbers5.txt', 'numbers5.txt'], ['/pfs/data/numbers2.txt', 'numbers2.txt'], ['/pfs/data/numbers1.txt', 'numbers1.txt'], ['/pfs/data/numbers9.txt', 'numbers9.txt'], ['/pfs/data/numbers6.txt', 'numbers6.txt'], ['/pfs/data/numbers8.txt', 'numbers8.txt'], ['/pfs/data/numbers7.txt', 'numbers7.txt']]
2 | Total 10 files
2 | Finished
