0 | total 0
0 | -rw-rw-rw- 1 root root  0 Apr 26 20:53 numbers10.txt
0 | -rw-rw-rw- 1 root root  0 Apr 26 20:53 numbers11.txt
0 | -rw-rw-rw- 1 root root  0 Apr 26 20:53 numbers12.txt
0 | -rw-rw-rw- 1 root root  0 Apr 26 20:53 numbers13.txt
0 | -rw-rw-rw- 1 root root  0 Apr 26 20:53 numbers14.txt
0 | -rw-rw-rw- 1 root root  0 Apr 26 20:53 numbers15.txt
0 | -rw-rw-rw- 1 root root  0 Apr 26 20:53 numbers16.txt
0 | -rw-rw-rw- 1 root root  0 Apr 26 20:53 numbers17.txt
0 | -rw-rw-rw- 1 root root  0 Apr 26 20:53 numbers18.txt
0 | -rw-rw-rw- 1 root root 40 Apr 26 20:53 numbers19.txt
0 | 2016-04-26T20:59:13Z NONE  WriteRequest: 36100
0 | 36481
0 | 36864
0 | 37249
0 | 37636
0 | 38025
0 | 38416
0 | 38809
0 | 39204
0 | 39601
0 | @0
0 | starting
0 | /pfs/data /pfs/out
0 | walking file system
0 | [('/pfs/data', [], ['numbers19.txt', 'numbers15.txt', 'numbers16.txt', 'numbers17.txt', 'numbers14.txt', 'numbers10.txt', 'numbers11.txt', 'numbers12.txt', 'numbers13.txt', 'numbers18.txt'])]
0 | List of files to process: [['/pfs/data/numbers15.txt', 'numbers15.txt'], ['/pfs/data/numbers11.txt', 'numbers11.txt'], ['/pfs/data/numbers13.txt', 'numbers13.txt'], ['/pfs/data/numbers17.txt', 'numbers17.txt'], ['/pfs/data/numbers16.txt', 'numbers16.txt'], ['/pfs/data/numbers18.txt', 'numbers18.txt'], ['/pfs/data/numbers12.txt', 'numbers12.txt'], ['/pfs/data/numbers10.txt', 'numbers10.txt'], ['/pfs/data/numbers19.txt', 'numbers19.txt'], ['/pfs/data/numbers14.txt', 'numbers14.txt']]
0 | Total 10 files
0 | Finished
1 | total 0
1 | -rw-rw-rw- 1 root root 40 Apr 26 20:53 numbers10.txt
1 | -rw-rw-rw- 1 root root 40 Apr 26 20:53 numbers11.txt
1 | -rw-rw-rw- 1 root root  0 Apr 26 20:53 numbers12.txt
1 | -rw-rw-rw- 1 root root  0 Apr 26 20:53 numbers13.txt
1 | -rw-rw-rw- 1 root root  0 Apr 26 20:53 numbers14.txt
1 | -rw-rw-rw- 1 root root 40 Apr 26 20:53 numbers15.txt
1 | -rw-rw-rw- 1 root root 40 Apr 26 20:53 numbers16.txt
1 | -rw-rw-rw- 1 root root  0 Apr 26 20:53 numbers17.txt
1 | -rw-rw-rw- 1 root root 40 Apr 26 20:53 numbers18.txt
1 | -rw-rw-rw- 1 root root  0 Apr 26 20:53 numbers19.txt
1 | 2016-04-26T20:59:09Z NONE  WriteRequest: 10000
1 | 10201
1 | 10404
1 | 10609
1 | 10816
1 | 11025
1 | 11236
1 | 11449
1 | 11664
1 | 11881
1 | @0
1 | 2016-04-26T20:59:09Z NONE  WriteRequest: 12100
1 | 12321
1 | 12544
1 | 12769
1 | 12996
1 | 13225
1 | 13456
1 | 13689
1 | 13924
1 | 14161
1 | @0
1 | 2016-04-26T20:59:09Z NONE  WriteRequest: 32400
1 | 32761
1 | 33124
1 | 33489
1 | 33856
1 | 34225
1 | 34596
1 | 34969
1 | 35344
1 | 35721
1 | @0
1 | 2016-04-26T20:59:09Z NONE  WriteRequest: 25600
1 | 25921
1 | 26244
1 | 26569
1 | 26896
1 | 27225
1 | 27556
1 | 27889
1 | 28224
1 | 28561
1 | @0
1 | 2016-04-26T20:59:09Z NONE  WriteRequest: 22500
1 | 22801
1 | 23104
1 | 23409
1 | 23716
1 | 24025
1 | 24336
1 | 24649
1 | 24964
1 | 25281
1 | @0
1 | starting
1 | /pfs/data /pfs/out
1 | walking file system
1 | [('/pfs/data', [], ['numbers15.txt', 'numbers11.txt', 'numbers12.txt', 'numbers10.txt', 'numbers16.txt', 'numbers19.txt', 'numbers14.txt', 'numbers17.txt', 'numbers13.txt', 'numbers18.txt'])]
1 | List of files to process: [['/pfs/data/numbers10.txt', 'numbers10.txt'], ['/pfs/data/numbers11.txt', 'numbers11.txt'], ['/pfs/data/numbers18.txt', 'numbers18.txt'], ['/pfs/data/numbers14.txt', 'numbers14.txt'], ['/pfs/data/numbers16.txt', 'numbers16.txt'], ['/pfs/data/numbers12.txt', 'numbers12.txt'], ['/pfs/data/numbers13.txt', 'numbers13.txt'], ['/pfs/data/numbers17.txt', 'numbers17.txt'], ['/pfs/data/numbers15.txt', 'numbers15.txt'], ['/pfs/data/numbers19.txt', 'numbers19.txt']]
1 | Total 10 files
1 | Finished
2 | total 0
2 | -rw-rw-rw- 1 root root  0 Apr 26 20:53 numbers10.txt
2 | -rw-rw-rw- 1 root root  0 Apr 26 20:53 numbers11.txt
2 | -rw-rw-rw- 1 root root 40 Apr 26 20:53 numbers12.txt
2 | -rw-rw-rw- 1 root root 40 Apr 26 20:53 numbers13.txt
2 | -rw-rw-rw- 1 root root 40 Apr 26 20:53 numbers14.txt
2 | -rw-rw-rw- 1 root root  0 Apr 26 20:53 numbers15.txt
2 | -rw-rw-rw- 1 root root  0 Apr 26 20:53 numbers16.txt
2 | -rw-rw-rw- 1 root root 40 Apr 26 20:53 numbers17.txt
2 | -rw-rw-rw- 1 root root  0 Apr 26 20:53 numbers18.txt
2 | -rw-rw-rw- 1 root root  0 Apr 26 20:53 numbers19.txt
2 | 2016-04-26T20:59:13Z NONE  WriteRequest: 19600
2 | 19881
2 | 20164
2 | 20449
2 | 20736
2 | 21025
2 | 21316
2 | 21609
2 | 21904
2 | 22201
2 | @0
2 | 2016-04-26T20:59:13Z NONE  WriteRequest: 28900
2 | 29241
2 | 29584
2 | 29929
2 | 30276
2 | 30625
2 | 30976
2 | 31329
2 | 31684
2 | 32041
2 | @0
2 | 2016-04-26T20:59:13Z NONE  WriteRequest: 16900
2 | 17161
2 | 17424
2 | 17689
2 | 17956
2 | 18225
2 | 18496
2 | 18769
2 | 19044
2 | 19321
2 | @0
2 | 2016-04-26T20:59:14Z NONE  WriteRequest: 14400
2 | 14641
2 | 14884
2 | 15129
2 | 15376
2 | 15625
2 | 15876
2 | 16129
2 | 16384
2 | 16641
2 | @0
2 | starting
2 | /pfs/data /pfs/out
2 | walking file system
2 | [('/pfs/data', [], ['numbers12.txt', 'numbers10.txt', 'numbers13.txt', 'numbers11.txt', 'numbers19.txt', 'numbers15.txt', 'numbers17.txt', 'numbers18.txt', 'numbers16.txt', 'numbers14.txt'])]
2 | List of files to process: [['/pfs/data/numbers18.txt', 'numbers18.txt'], ['/pfs/data/numbers15.txt', 'numbers15.txt'], ['/pfs/data/numbers14.txt', 'numbers14.txt'], ['/pfs/data/numbers17.txt', 'numbers17.txt'], ['/pfs/data/numbers10.txt', 'numbers10.txt'], ['/pfs/data/numbers16.txt', 'numbers16.txt'], ['/pfs/data/numbers19.txt', 'numbers19.txt'], ['/pfs/data/numbers13.txt', 'numbers13.txt'], ['/pfs/data/numbers11.txt', 'numbers11.txt'], ['/pfs/data/numbers12.txt', 'numbers12.txt']]
2 | Total 10 files
2 | Finished
